2024-12-09T04:34:45.4360632Z,Updating submodules.,ab9bda8e-7407-4a8e-8654-6dcb4a599a5a,0
2024-12-09T04:34:46.4970730Z,Preparing deployment for commit id '2c411eb2-e'.,6c446251-da25-4d50-a581-453c33ce4b67,0
2024-12-09T04:34:46.6766075Z,PreDeployment: context.CleanOutputPath False,d521f209-484a-419f-88e9-34cac8e8cba0,0
2024-12-09T04:34:46.7397367Z,PreDeployment: context.OutputPath /home/site/wwwroot,14ecf92e-aac7-4f6a-be0e-a3428a568348,0
2024-12-09T04:34:46.8062612Z,Repository path is /tmp/zipdeploy/extracted,17b387da-d42f-4dff-b891-edd93a1b09d6,0
2024-12-09T04:34:46.8692104Z,Running oryx build...,d0a4f16c-43bb-49fe-bf78-886046e4024a,0
	2024-12-09T04:34:46.8738075Z,Command: oryx build /tmp/zipdeploy/extracted -o /home/site/wwwroot --platform python --platform-version 3.9 -p virtualenv_name=antenv --log-file /tmp/build-debug.log  -i /tmp/8dd180acf759973 --compress-destination-dir | tee /tmp/oryx-build.log,,0
	2024-12-09T04:34:47.4512744Z,Operation performed by Microsoft Oryx&comma; https://github.com/Microsoft/Oryx,,0
	2024-12-09T04:34:47.4578838Z,You can report issues at https://github.com/Microsoft/Oryx/issues,,0
	2024-12-09T04:34:47.4652369Z,,,0
	2024-12-09T04:34:47.4692135Z,Oryx Version: 0.2.20240424.1&comma; Commit: d37b2225a252ab2c04b4726024d047cf01ea1318&comma; ReleaseTagName: 20240424.1,,0
	2024-12-09T04:34:47.4745995Z,,,0
	2024-12-09T04:34:47.4787957Z,Build Operation ID: 53cd04fa9bb4cf84,,0
	2024-12-09T04:34:47.4850073Z,Repository Commit : 2c411eb2-e942-4d7d-a7e1-143c5811b56f,,0
	2024-12-09T04:34:47.4896517Z,OS Type           : buster,,0
	2024-12-09T04:34:47.4935484Z,Image Type        : githubactions,,0
	2024-12-09T04:34:47.4978597Z,,,0
	2024-12-09T04:34:47.5024210Z,Detecting platforms...,,0
	2024-12-09T04:34:48.2915055Z,Detected following platforms:,,0
	2024-12-09T04:34:48.3048135Z,  python: 3.9.20,,0
	2024-12-09T04:34:48.4137760Z,,,0
	2024-12-09T04:34:48.4396593Z,Using intermediate directory '/tmp/8dd180acf759973'.,,0
	2024-12-09T04:34:48.4507620Z,,,0
	2024-12-09T04:34:48.4562550Z,Copying files to the intermediate directory...,,0
	2024-12-09T04:34:49.3683973Z,Done in 1 sec(s).,,0
	2024-12-09T04:34:49.3757293Z,,,0
	2024-12-09T04:34:49.3812734Z,Source directory     : /tmp/8dd180acf759973,,0
	2024-12-09T04:34:49.3859717Z,Destination directory: /home/site/wwwroot,,0
	2024-12-09T04:34:49.3902926Z,,,0
	2024-12-09T04:34:49.4817664Z,Python Version: /tmp/oryx/platforms/python/3.9.20/bin/python3.9,,0
	2024-12-09T04:34:49.4913585Z,Creating directory for command manifest file if it does not exist,,0
	2024-12-09T04:34:49.4956984Z,Removing existing manifest file,,0
	2024-12-09T04:34:49.5039170Z,Python Virtual Environment: antenv,,0
	2024-12-09T04:34:49.5086430Z,Creating virtual environment...,,0
	2024-12-09T04:34:52.9976558Z,Activating virtual environment...,,0
	2024-12-09T04:34:53.0116085Z,Running pip install...,,0
	2024-12-09T04:34:56.6306733Z,[04:34:53+0000] Collecting flask,,0
	2024-12-09T04:34:56.6657890Z,[04:34:53+0000]   Using cached flask-3.1.0-py3-none-any.whl (102 kB),,0
	2024-12-09T04:34:56.6856507Z,[04:34:53+0000] Collecting gunicorn,,0
	2024-12-09T04:34:56.6920788Z,[04:34:53+0000]   Using cached gunicorn-23.0.0-py3-none-any.whl (85 kB),,0
	2024-12-09T04:34:56.7030847Z,[04:34:53+0000] Collecting mysql-connector-python,,0
	2024-12-09T04:34:56.7085535Z,[04:34:54+0000]   Using cached mysql_connector_python-9.1.0-cp39-cp39-manylinux_2_28_x86_64.whl (34.4 MB),,0
	2024-12-09T04:34:56.7141443Z,[04:34:54+0000] Collecting click>=8.1.3,,0
	2024-12-09T04:34:56.7206821Z,[04:34:54+0000]   Using cached click-8.1.7-py3-none-any.whl (97 kB),,0
	2024-12-09T04:34:56.7268297Z,[04:34:54+0000] Collecting blinker>=1.9,,0
	2024-12-09T04:34:56.7316659Z,[04:34:54+0000]   Using cached blinker-1.9.0-py3-none-any.whl (8.5 kB),,0
	2024-12-09T04:34:56.7367011Z,[04:34:54+0000] Collecting itsdangerous>=2.2,,0
	2024-12-09T04:34:56.7415094Z,[04:34:54+0000]   Using cached itsdangerous-2.2.0-py3-none-any.whl (16 kB),,0
	2024-12-09T04:34:56.7460559Z,[04:34:54+0000] Collecting Werkzeug>=3.1,,0
	2024-12-09T04:34:56.7561479Z,[04:34:54+0000]   Using cached werkzeug-3.1.3-py3-none-any.whl (224 kB),,0
	2024-12-09T04:34:56.7632074Z,[04:34:54+0000] Collecting importlib-metadata>=3.6,,0
	2024-12-09T04:34:56.7688138Z,[04:34:54+0000]   Using cached importlib_metadata-8.5.0-py3-none-any.whl (26 kB),,0
	2024-12-09T04:34:56.7741879Z,[04:34:54+0000] Collecting Jinja2>=3.1.2,,0
	2024-12-09T04:34:56.7786513Z,[04:34:54+0000]   Using cached jinja2-3.1.4-py3-none-any.whl (133 kB),,0
	2024-12-09T04:34:56.7835463Z,[04:34:54+0000] Collecting packaging,,0
	2024-12-09T04:34:56.7882298Z,[04:34:54+0000]   Using cached packaging-24.2-py3-none-any.whl (65 kB),,0
	2024-12-09T04:34:56.7929315Z,[04:34:54+0000] Collecting zipp>=3.20,,0
	2024-12-09T04:34:56.7977051Z,[04:34:54+0000]   Using cached zipp-3.21.0-py3-none-any.whl (9.6 kB),,0
	2024-12-09T04:34:56.8024012Z,[04:34:54+0000] Collecting MarkupSafe>=2.0,,0
	2024-12-09T04:34:56.8074254Z,[04:34:54+0000]   Using cached MarkupSafe-3.0.2-cp39-cp39-manylinux_2_17_x86_64.manylinux2014_x86_64.whl (20 kB),,0
	2024-12-09T04:34:56.8125952Z,[04:34:55+0000] Installing collected packages: zipp&comma; packaging&comma; mysql-connector-python&comma; MarkupSafe&comma; itsdangerous&comma; click&comma; blinker&comma; Werkzeug&comma; Jinja2&comma; importlib-metadata&comma; gunicorn&comma; flask,,0
	2024-12-09T04:34:56.8322932Z,[04:34:56+0000] Successfully installed Jinja2-3.1.4 MarkupSafe-3.0.2 Werkzeug-3.1.3 blinker-1.9.0 click-8.1.7 flask-3.1.0 gunicorn-23.0.0 importlib-metadata-8.5.0 itsdangerous-2.2.0 mysql-connector-python-9.1.0 packaging-24.2 zipp-3.21.0,,0
	2024-12-09T04:34:56.8367680Z,,,0
	2024-12-09T04:34:56.8414894Z,[notice] A new release of pip is available: 23.0.1 -> 24.3.1,,0
	2024-12-09T04:34:56.8460795Z,[notice] To update&comma; run: pip install --upgrade pip,,0
	2024-12-09T04:34:56.8505040Z,Not a vso image&comma; so not writing build commands,,0
	2024-12-09T04:34:56.8550247Z,Preparing output...,,0
	2024-12-09T04:34:57.0102105Z,,,0
	2024-12-09T04:34:57.0169438Z,Copying files to destination directory '/tmp/_preCompressedDestinationDir'...,,0
	2024-12-09T04:34:59.1300594Z,Done in 2 sec(s).,,0
	2024-12-09T04:34:59.1465034Z,Compressing content of directory '/tmp/_preCompressedDestinationDir'...,,0
	2024-12-09T04:35:06.5265747Z,Copied the compressed output to '/home/site/wwwroot',,0
	2024-12-09T04:35:06.5407588Z,,,0
	2024-12-09T04:35:06.5508814Z,Removing existing manifest file,,0
	2024-12-09T04:35:06.5583905Z,Creating a manifest file...,,0
	2024-12-09T04:35:06.5693548Z,Manifest file created.,,0
	2024-12-09T04:35:06.5738612Z,Copying .ostype to manifest output directory.,,0
	2024-12-09T04:35:06.6504996Z,,,0
	2024-12-09T04:35:06.6599531Z,Done in 18 sec(s).,,0
2024-12-09T04:35:06.9753073Z,Running post deployment command(s)...,f2927cd6-2381-428c-b5a9-ed6e70273844,0
2024-12-09T04:35:07.0313381Z,,366449c4-ed09-44a7-9347-ebbc49b59b51,0
2024-12-09T04:35:07.0859173Z,Generating summary of Oryx build,e1c51283-6279-49e8-b836-5e0751448af7,0
2024-12-09T04:35:07.1453368Z,Parsing the build logs,907c3f03-2c2b-4ace-b6fa-b88b075f6384,0
2024-12-09T04:35:07.2053291Z,Found 0 issue(s),06be2819-c799-4403-bd29-2063ec8b826f,0
2024-12-09T04:35:07.2558189Z,,e58ea23e-a8fa-4249-a11f-f29456d22c9e,0
2024-12-09T04:35:07.3125972Z,Build Summary :,1bd79c36-1930-4bc5-b0c5-31ce40fd051d,0
2024-12-09T04:35:07.3698079Z,===============,fb864c49-2ef2-4e46-a519-78a41d973aba,0
2024-12-09T04:35:07.4274655Z,Errors (0),f7bd3628-7b43-4acb-bd92-64808af1f62b,0
2024-12-09T04:35:07.4766410Z,Warnings (0),60c29ca2-0688-49d3-95e7-9623d697056b,0
2024-12-09T04:35:07.5420040Z,,09bf136c-1a68-4eef-bcb8-a0eb97cc64ae,0
2024-12-09T04:35:07.6783843Z,Triggering container recycle for OneDeploy by adding/updating restartTrigger.txt to the site root path,4f813b1b-85f5-493e-b7b1-aaf548a7331c,0
2024-12-09T04:35:07.7634734Z,Deployment successful. deployer = OneDeploy deploymentPath = OneDeploy,970d7e84-d97f-41f3-bf65-4827961b02d7,0
